/*C26*/SET SCHEMA PUBLIC
DISCONNECT
/*C29*/SET SCHEMA PUBLIC
DISCONNECT
/*C30*/SET SCHEMA PUBLIC
INSERT INTO BATCH_JOB_SEQ VALUES(6)
COMMIT
DELETE FROM BATCH_JOB_SEQ WHERE ID=5
COMMIT
INSERT INTO BATCH_JOB_INSTANCE VALUES(6,0,'customReaderWriterProcesorJob','d41d8cd98f00b204e9800998ecf8427e')
COMMIT
INSERT INTO BATCH_JOB_EXECUTION_SEQ VALUES(6)
COMMIT
DELETE FROM BATCH_JOB_EXECUTION_SEQ WHERE ID=5
COMMIT
INSERT INTO BATCH_JOB_EXECUTION VALUES(6,0,6,'2016-09-08 09:59:16.600000',NULL,NULL,'STARTING','UNKNOWN','','2016-09-08 09:59:16.601000',NULL)
COMMIT
INSERT INTO BATCH_JOB_EXECUTION_CONTEXT VALUES(6,'{"map":""}',NULL)
COMMIT
DISCONNECT
/*C31*/SET SCHEMA PUBLIC
DELETE FROM BATCH_JOB_EXECUTION WHERE JOB_EXECUTION_ID=6
INSERT INTO BATCH_JOB_EXECUTION VALUES(6,1,6,'2016-09-08 09:59:16.600000','2016-09-08 09:59:16.617000',NULL,'STARTED','UNKNOWN','','2016-09-08 09:59:16.618000',NULL)
COMMIT
DISCONNECT
/*C32*/SET SCHEMA PUBLIC
DISCONNECT
/*C33*/SET SCHEMA PUBLIC
DISCONNECT
/*C34*/SET SCHEMA PUBLIC
DISCONNECT
/*C35*/SET SCHEMA PUBLIC
INSERT INTO BATCH_STEP_EXECUTION_SEQ VALUES(8)
COMMIT
DELETE FROM BATCH_STEP_EXECUTION_SEQ WHERE ID=7
COMMIT
INSERT INTO BATCH_STEP_EXECUTION VALUES(8,0,'step1',6,'2016-09-08 09:59:17.049000',NULL,'STARTING',0,0,0,0,0,0,0,0,'EXECUTING','','2016-09-08 09:59:17.050000')
COMMIT
INSERT INTO BATCH_STEP_EXECUTION_CONTEXT VALUES(8,'{"map":""}',NULL)
COMMIT
DISCONNECT
/*C36*/SET SCHEMA PUBLIC
DELETE FROM BATCH_STEP_EXECUTION WHERE STEP_EXECUTION_ID=8
INSERT INTO BATCH_STEP_EXECUTION VALUES(8,1,'step1',6,'2016-09-08 09:59:17.165000',NULL,'STARTED',0,0,0,0,0,0,0,0,'EXECUTING','','2016-09-08 09:59:17.165000')
COMMIT
DISCONNECT
/*C37*/SET SCHEMA PUBLIC
DELETE FROM BATCH_STEP_EXECUTION_CONTEXT WHERE STEP_EXECUTION_ID=8
INSERT INTO BATCH_STEP_EXECUTION_CONTEXT VALUES(8,'{"map":""}',NULL)
COMMIT
DISCONNECT
/*C38*/SET SCHEMA PUBLIC
DELETE FROM BATCH_STEP_EXECUTION_CONTEXT WHERE STEP_EXECUTION_ID=8
INSERT INTO BATCH_STEP_EXECUTION_CONTEXT VALUES(8,'{"map":""}',NULL)
COMMIT
DELETE FROM BATCH_STEP_EXECUTION WHERE STEP_EXECUTION_ID=8
INSERT INTO BATCH_STEP_EXECUTION VALUES(8,2,'step1',6,'2016-09-08 09:59:17.165000',NULL,'STARTED',1,1,0,1,0,0,0,0,'EXECUTING','','2016-09-08 09:59:17.492000')
COMMIT
DISCONNECT
/*C39*/SET SCHEMA PUBLIC
DELETE FROM BATCH_STEP_EXECUTION_CONTEXT WHERE STEP_EXECUTION_ID=8
INSERT INTO BATCH_STEP_EXECUTION_CONTEXT VALUES(8,'{"map":""}',NULL)
COMMIT
DELETE FROM BATCH_STEP_EXECUTION WHERE STEP_EXECUTION_ID=8
INSERT INTO BATCH_STEP_EXECUTION VALUES(8,3,'step1',6,'2016-09-08 09:59:17.165000',NULL,'STARTED',2,2,0,2,0,0,0,0,'EXECUTING','','2016-09-08 09:59:17.599000')
COMMIT
DISCONNECT
/*C40*/SET SCHEMA PUBLIC
DELETE FROM BATCH_STEP_EXECUTION_CONTEXT WHERE STEP_EXECUTION_ID=8
INSERT INTO BATCH_STEP_EXECUTION_CONTEXT VALUES(8,'{"map":""}',NULL)
COMMIT
DELETE FROM BATCH_STEP_EXECUTION WHERE STEP_EXECUTION_ID=8
INSERT INTO BATCH_STEP_EXECUTION VALUES(8,4,'step1',6,'2016-09-08 09:59:17.165000',NULL,'STARTED',3,3,0,3,0,0,0,0,'EXECUTING','','2016-09-08 09:59:17.704000')
COMMIT
DISCONNECT
/*C41*/SET SCHEMA PUBLIC
DELETE FROM BATCH_STEP_EXECUTION_CONTEXT WHERE STEP_EXECUTION_ID=8
INSERT INTO BATCH_STEP_EXECUTION_CONTEXT VALUES(8,'{"map":""}',NULL)
COMMIT
DELETE FROM BATCH_STEP_EXECUTION WHERE STEP_EXECUTION_ID=8
INSERT INTO BATCH_STEP_EXECUTION VALUES(8,5,'step1',6,'2016-09-08 09:59:17.165000',NULL,'STARTED',4,4,0,4,0,0,0,0,'EXECUTING','','2016-09-08 09:59:17.810000')
COMMIT
DISCONNECT
/*C42*/SET SCHEMA PUBLIC
DELETE FROM BATCH_STEP_EXECUTION_CONTEXT WHERE STEP_EXECUTION_ID=8
INSERT INTO BATCH_STEP_EXECUTION_CONTEXT VALUES(8,'{"map":""}',NULL)
COMMIT
DELETE FROM BATCH_STEP_EXECUTION WHERE STEP_EXECUTION_ID=8
INSERT INTO BATCH_STEP_EXECUTION VALUES(8,6,'step1',6,'2016-09-08 09:59:17.165000',NULL,'STARTED',5,5,0,5,0,0,0,0,'EXECUTING','','2016-09-08 09:59:17.917000')
COMMIT
DISCONNECT
/*C43*/SET SCHEMA PUBLIC
DELETE FROM BATCH_STEP_EXECUTION_CONTEXT WHERE STEP_EXECUTION_ID=8
INSERT INTO BATCH_STEP_EXECUTION_CONTEXT VALUES(8,'{"map":""}',NULL)
COMMIT
DELETE FROM BATCH_STEP_EXECUTION WHERE STEP_EXECUTION_ID=8
INSERT INTO BATCH_STEP_EXECUTION VALUES(8,7,'step1',6,'2016-09-08 09:59:17.165000',NULL,'STARTED',6,6,0,6,0,0,0,0,'EXECUTING','','2016-09-08 09:59:18.025000')
COMMIT
DISCONNECT
/*C44*/SET SCHEMA PUBLIC
DELETE FROM BATCH_STEP_EXECUTION_CONTEXT WHERE STEP_EXECUTION_ID=8
INSERT INTO BATCH_STEP_EXECUTION_CONTEXT VALUES(8,'{"map":""}',NULL)
COMMIT
DELETE FROM BATCH_STEP_EXECUTION WHERE STEP_EXECUTION_ID=8
INSERT INTO BATCH_STEP_EXECUTION VALUES(8,8,'step1',6,'2016-09-08 09:59:17.165000',NULL,'STARTED',7,7,0,7,0,0,0,0,'EXECUTING','','2016-09-08 09:59:18.131000')
COMMIT
DISCONNECT
/*C45*/SET SCHEMA PUBLIC
DELETE FROM BATCH_STEP_EXECUTION_CONTEXT WHERE STEP_EXECUTION_ID=8
INSERT INTO BATCH_STEP_EXECUTION_CONTEXT VALUES(8,'{"map":""}',NULL)
COMMIT
DELETE FROM BATCH_STEP_EXECUTION WHERE STEP_EXECUTION_ID=8
INSERT INTO BATCH_STEP_EXECUTION VALUES(8,9,'step1',6,'2016-09-08 09:59:17.165000',NULL,'STARTED',8,8,0,8,0,0,0,0,'EXECUTING','','2016-09-08 09:59:18.245000')
COMMIT
DISCONNECT
/*C46*/SET SCHEMA PUBLIC
DELETE FROM BATCH_STEP_EXECUTION_CONTEXT WHERE STEP_EXECUTION_ID=8
INSERT INTO BATCH_STEP_EXECUTION_CONTEXT VALUES(8,'{"map":""}',NULL)
COMMIT
DELETE FROM BATCH_STEP_EXECUTION WHERE STEP_EXECUTION_ID=8
INSERT INTO BATCH_STEP_EXECUTION VALUES(8,10,'step1',6,'2016-09-08 09:59:17.165000',NULL,'STARTED',9,9,0,9,0,0,0,0,'EXECUTING','','2016-09-08 09:59:18.351000')
COMMIT
DISCONNECT
/*C47*/SET SCHEMA PUBLIC
DELETE FROM BATCH_STEP_EXECUTION_CONTEXT WHERE STEP_EXECUTION_ID=8
INSERT INTO BATCH_STEP_EXECUTION_CONTEXT VALUES(8,'{"map":""}',NULL)
COMMIT
DELETE FROM BATCH_STEP_EXECUTION WHERE STEP_EXECUTION_ID=8
INSERT INTO BATCH_STEP_EXECUTION VALUES(8,11,'step1',6,'2016-09-08 09:59:17.165000',NULL,'STARTED',10,10,0,10,0,0,0,0,'EXECUTING','','2016-09-08 09:59:18.459000')
COMMIT
DISCONNECT
/*C48*/SET SCHEMA PUBLIC
DELETE FROM BATCH_STEP_EXECUTION_CONTEXT WHERE STEP_EXECUTION_ID=8
INSERT INTO BATCH_STEP_EXECUTION_CONTEXT VALUES(8,'{"map":""}',NULL)
COMMIT
DELETE FROM BATCH_STEP_EXECUTION WHERE STEP_EXECUTION_ID=8
INSERT INTO BATCH_STEP_EXECUTION VALUES(8,12,'step1',6,'2016-09-08 09:59:17.165000',NULL,'STARTED',11,10,0,10,0,0,0,0,'EXECUTING','','2016-09-08 09:59:18.565000')
COMMIT
DISCONNECT
/*C49*/SET SCHEMA PUBLIC
DELETE FROM BATCH_STEP_EXECUTION_CONTEXT WHERE STEP_EXECUTION_ID=8
INSERT INTO BATCH_STEP_EXECUTION_CONTEXT VALUES(8,'{"map":""}',NULL)
COMMIT
DISCONNECT
/*C50*/SET SCHEMA PUBLIC
DELETE FROM BATCH_STEP_EXECUTION WHERE STEP_EXECUTION_ID=8
INSERT INTO BATCH_STEP_EXECUTION VALUES(8,13,'step1',6,'2016-09-08 09:59:17.165000','2016-09-08 09:59:18.671000','COMPLETED',11,10,0,10,0,0,0,0,'COMPLETED','','2016-09-08 09:59:18.671000')
COMMIT
DISCONNECT
/*C51*/SET SCHEMA PUBLIC
DELETE FROM BATCH_JOB_EXECUTION_CONTEXT WHERE JOB_EXECUTION_ID=6
INSERT INTO BATCH_JOB_EXECUTION_CONTEXT VALUES(6,'{"map":""}',NULL)
COMMIT
DISCONNECT
/*C52*/SET SCHEMA PUBLIC
DELETE FROM BATCH_JOB_EXECUTION WHERE JOB_EXECUTION_ID=6
INSERT INTO BATCH_JOB_EXECUTION VALUES(6,2,6,'2016-09-08 09:59:16.600000','2016-09-08 09:59:16.617000','2016-09-08 09:59:18.886000','COMPLETED','COMPLETED','','2016-09-08 09:59:18.887000',NULL)
COMMIT
DISCONNECT
/*C53*/SET SCHEMA PUBLIC
DISCONNECT
/*C54*/SET SCHEMA PUBLIC
INSERT INTO BATCH_JOB_SEQ VALUES(7)
COMMIT
DELETE FROM BATCH_JOB_SEQ WHERE ID=6
COMMIT
INSERT INTO BATCH_JOB_INSTANCE VALUES(7,0,'flatFileItemReaderJob','d41d8cd98f00b204e9800998ecf8427e')
COMMIT
INSERT INTO BATCH_JOB_EXECUTION_SEQ VALUES(7)
COMMIT
DELETE FROM BATCH_JOB_EXECUTION_SEQ WHERE ID=6
COMMIT
INSERT INTO BATCH_JOB_EXECUTION VALUES(7,0,7,'2016-09-08 10:15:32.224000',NULL,NULL,'STARTING','UNKNOWN','','2016-09-08 10:15:32.225000',NULL)
COMMIT
INSERT INTO BATCH_JOB_EXECUTION_CONTEXT VALUES(7,'{"map":""}',NULL)
COMMIT
DISCONNECT
/*C55*/SET SCHEMA PUBLIC
DELETE FROM BATCH_JOB_EXECUTION WHERE JOB_EXECUTION_ID=7
INSERT INTO BATCH_JOB_EXECUTION VALUES(7,1,7,'2016-09-08 10:15:32.224000','2016-09-08 10:15:32.247000',NULL,'STARTED','UNKNOWN','','2016-09-08 10:15:32.247000',NULL)
COMMIT
DISCONNECT
/*C56*/SET SCHEMA PUBLIC
DISCONNECT
/*C57*/SET SCHEMA PUBLIC
DISCONNECT
/*C58*/SET SCHEMA PUBLIC
DISCONNECT
/*C59*/SET SCHEMA PUBLIC
INSERT INTO BATCH_STEP_EXECUTION_SEQ VALUES(9)
COMMIT
DELETE FROM BATCH_STEP_EXECUTION_SEQ WHERE ID=8
COMMIT
INSERT INTO BATCH_STEP_EXECUTION VALUES(9,0,'step1',7,'2016-09-08 10:15:32.684000',NULL,'STARTING',0,0,0,0,0,0,0,0,'EXECUTING','','2016-09-08 10:15:32.685000')
COMMIT
INSERT INTO BATCH_STEP_EXECUTION_CONTEXT VALUES(9,'{"map":""}',NULL)
COMMIT
DISCONNECT
/*C60*/SET SCHEMA PUBLIC
DELETE FROM BATCH_STEP_EXECUTION WHERE STEP_EXECUTION_ID=9
INSERT INTO BATCH_STEP_EXECUTION VALUES(9,1,'step1',7,'2016-09-08 10:15:32.791000',NULL,'STARTED',0,0,0,0,0,0,0,0,'EXECUTING','','2016-09-08 10:15:32.791000')
COMMIT
DISCONNECT
/*C61*/SET SCHEMA PUBLIC
DELETE FROM BATCH_STEP_EXECUTION_CONTEXT WHERE STEP_EXECUTION_ID=9
INSERT INTO BATCH_STEP_EXECUTION_CONTEXT VALUES(9,'{"map":{"entry":{"string":"FlatFileItemReader.read.count","int":0}}}',NULL)
COMMIT
DISCONNECT
/*C62*/SET SCHEMA PUBLIC
DELETE FROM BATCH_STEP_EXECUTION_CONTEXT WHERE STEP_EXECUTION_ID=9
INSERT INTO BATCH_STEP_EXECUTION_CONTEXT VALUES(9,'{"map":{"entry":{"string":"FlatFileItemReader.read.count","int":1}}}',NULL)
COMMIT
DELETE FROM BATCH_STEP_EXECUTION WHERE STEP_EXECUTION_ID=9
INSERT INTO BATCH_STEP_EXECUTION VALUES(9,2,'step1',7,'2016-09-08 10:15:32.791000',NULL,'STARTED',1,1,0,1,0,0,0,0,'EXECUTING','','2016-09-08 10:15:33.120000')
COMMIT
DISCONNECT
/*C63*/SET SCHEMA PUBLIC
DELETE FROM BATCH_STEP_EXECUTION_CONTEXT WHERE STEP_EXECUTION_ID=9
INSERT INTO BATCH_STEP_EXECUTION_CONTEXT VALUES(9,'{"map":{"entry":{"string":"FlatFileItemReader.read.count","int":2}}}',NULL)
COMMIT
DELETE FROM BATCH_STEP_EXECUTION WHERE STEP_EXECUTION_ID=9
INSERT INTO BATCH_STEP_EXECUTION VALUES(9,3,'step1',7,'2016-09-08 10:15:32.791000',NULL,'STARTED',2,2,0,2,0,0,0,0,'EXECUTING','','2016-09-08 10:15:33.227000')
COMMIT
DISCONNECT
/*C64*/SET SCHEMA PUBLIC
DELETE FROM BATCH_STEP_EXECUTION_CONTEXT WHERE STEP_EXECUTION_ID=9
INSERT INTO BATCH_STEP_EXECUTION_CONTEXT VALUES(9,'{"map":{"entry":{"string":"FlatFileItemReader.read.count","int":3}}}',NULL)
COMMIT
DELETE FROM BATCH_STEP_EXECUTION WHERE STEP_EXECUTION_ID=9
INSERT INTO BATCH_STEP_EXECUTION VALUES(9,4,'step1',7,'2016-09-08 10:15:32.791000',NULL,'STARTED',3,3,0,3,0,0,0,0,'EXECUTING','','2016-09-08 10:15:33.335000')
COMMIT
DISCONNECT
/*C65*/SET SCHEMA PUBLIC
DELETE FROM BATCH_STEP_EXECUTION_CONTEXT WHERE STEP_EXECUTION_ID=9
INSERT INTO BATCH_STEP_EXECUTION_CONTEXT VALUES(9,'{"map":{"entry":{"string":"FlatFileItemReader.read.count","int":4}}}',NULL)
COMMIT
DELETE FROM BATCH_STEP_EXECUTION WHERE STEP_EXECUTION_ID=9
INSERT INTO BATCH_STEP_EXECUTION VALUES(9,5,'step1',7,'2016-09-08 10:15:32.791000',NULL,'STARTED',4,4,0,4,0,0,0,0,'EXECUTING','','2016-09-08 10:15:33.443000')
COMMIT
DISCONNECT
/*C66*/SET SCHEMA PUBLIC
DELETE FROM BATCH_STEP_EXECUTION_CONTEXT WHERE STEP_EXECUTION_ID=9
INSERT INTO BATCH_STEP_EXECUTION_CONTEXT VALUES(9,'{"map":{"entry":{"string":"FlatFileItemReader.read.count","int":5}}}',NULL)
COMMIT
DELETE FROM BATCH_STEP_EXECUTION WHERE STEP_EXECUTION_ID=9
INSERT INTO BATCH_STEP_EXECUTION VALUES(9,6,'step1',7,'2016-09-08 10:15:32.791000',NULL,'STARTED',5,5,0,5,0,0,0,0,'EXECUTING','','2016-09-08 10:15:33.551000')
COMMIT
DISCONNECT
/*C67*/SET SCHEMA PUBLIC
DELETE FROM BATCH_STEP_EXECUTION_CONTEXT WHERE STEP_EXECUTION_ID=9
INSERT INTO BATCH_STEP_EXECUTION_CONTEXT VALUES(9,'{"map":{"entry":{"string":"FlatFileItemReader.read.count","int":6}}}',NULL)
COMMIT
DELETE FROM BATCH_STEP_EXECUTION WHERE STEP_EXECUTION_ID=9
INSERT INTO BATCH_STEP_EXECUTION VALUES(9,7,'step1',7,'2016-09-08 10:15:32.791000',NULL,'STARTED',6,5,0,5,0,0,0,0,'EXECUTING','','2016-09-08 10:15:33.659000')
COMMIT
DISCONNECT
/*C68*/SET SCHEMA PUBLIC
DELETE FROM BATCH_STEP_EXECUTION_CONTEXT WHERE STEP_EXECUTION_ID=9
INSERT INTO BATCH_STEP_EXECUTION_CONTEXT VALUES(9,'{"map":{"entry":{"string":"FlatFileItemReader.read.count","int":6}}}',NULL)
COMMIT
DISCONNECT
/*C69*/SET SCHEMA PUBLIC
DELETE FROM BATCH_STEP_EXECUTION WHERE STEP_EXECUTION_ID=9
INSERT INTO BATCH_STEP_EXECUTION VALUES(9,8,'step1',7,'2016-09-08 10:15:32.791000','2016-09-08 10:15:33.765000','COMPLETED',6,5,0,5,0,0,0,0,'COMPLETED','','2016-09-08 10:15:33.765000')
COMMIT
DISCONNECT
/*C70*/SET SCHEMA PUBLIC
DELETE FROM BATCH_JOB_EXECUTION_CONTEXT WHERE JOB_EXECUTION_ID=7
INSERT INTO BATCH_JOB_EXECUTION_CONTEXT VALUES(7,'{"map":""}',NULL)
COMMIT
DISCONNECT
/*C71*/SET SCHEMA PUBLIC
DELETE FROM BATCH_JOB_EXECUTION WHERE JOB_EXECUTION_ID=7
INSERT INTO BATCH_JOB_EXECUTION VALUES(7,2,7,'2016-09-08 10:15:32.224000','2016-09-08 10:15:32.247000','2016-09-08 10:15:33.980000','COMPLETED','COMPLETED','','2016-09-08 10:15:33.980000',NULL)
COMMIT
DISCONNECT
/*C72*/SET SCHEMA PUBLIC
DISCONNECT
/*C73*/SET SCHEMA PUBLIC
INSERT INTO BATCH_JOB_SEQ VALUES(8)
COMMIT
DELETE FROM BATCH_JOB_SEQ WHERE ID=7
COMMIT
INSERT INTO BATCH_JOB_INSTANCE VALUES(8,0,'flatFileItemWriterJob','d41d8cd98f00b204e9800998ecf8427e')
COMMIT
INSERT INTO BATCH_JOB_EXECUTION_SEQ VALUES(8)
COMMIT
DELETE FROM BATCH_JOB_EXECUTION_SEQ WHERE ID=7
COMMIT
INSERT INTO BATCH_JOB_EXECUTION VALUES(8,0,8,'2016-09-08 10:23:15.952000',NULL,NULL,'STARTING','UNKNOWN','','2016-09-08 10:23:15.952000',NULL)
COMMIT
INSERT INTO BATCH_JOB_EXECUTION_CONTEXT VALUES(8,'{"map":""}',NULL)
COMMIT
DISCONNECT
/*C74*/SET SCHEMA PUBLIC
DELETE FROM BATCH_JOB_EXECUTION WHERE JOB_EXECUTION_ID=8
INSERT INTO BATCH_JOB_EXECUTION VALUES(8,1,8,'2016-09-08 10:23:15.952000','2016-09-08 10:23:15.967000',NULL,'STARTED','UNKNOWN','','2016-09-08 10:23:15.968000',NULL)
COMMIT
DISCONNECT
/*C75*/SET SCHEMA PUBLIC
DISCONNECT
/*C76*/SET SCHEMA PUBLIC
DISCONNECT
/*C77*/SET SCHEMA PUBLIC
DISCONNECT
/*C78*/SET SCHEMA PUBLIC
INSERT INTO BATCH_STEP_EXECUTION_SEQ VALUES(10)
COMMIT
DELETE FROM BATCH_STEP_EXECUTION_SEQ WHERE ID=9
COMMIT
INSERT INTO BATCH_STEP_EXECUTION VALUES(10,0,'step1',8,'2016-09-08 10:23:16.394000',NULL,'STARTING',0,0,0,0,0,0,0,0,'EXECUTING','','2016-09-08 10:23:16.394000')
COMMIT
INSERT INTO BATCH_STEP_EXECUTION_CONTEXT VALUES(10,'{"map":""}',NULL)
COMMIT
DISCONNECT
/*C79*/SET SCHEMA PUBLIC
DELETE FROM BATCH_STEP_EXECUTION WHERE STEP_EXECUTION_ID=10
INSERT INTO BATCH_STEP_EXECUTION VALUES(10,1,'step1',8,'2016-09-08 10:23:16.501000',NULL,'STARTED',0,0,0,0,0,0,0,0,'EXECUTING','','2016-09-08 10:23:16.501000')
COMMIT
DISCONNECT
/*C80*/SET SCHEMA PUBLIC
DELETE FROM BATCH_STEP_EXECUTION_CONTEXT WHERE STEP_EXECUTION_ID=10
INSERT INTO BATCH_STEP_EXECUTION_CONTEXT VALUES(10,'{"map":{"entry":[{"string":"FlatFileItemWriter.current.count","long":450},{"string":"FlatFileItemWriter.written","long":0}]}}',NULL)
COMMIT
DISCONNECT
/*C81*/SET SCHEMA PUBLIC
DELETE FROM BATCH_STEP_EXECUTION_CONTEXT WHERE STEP_EXECUTION_ID=10
INSERT INTO BATCH_STEP_EXECUTION_CONTEXT VALUES(10,'{"map":{"entry":[{"string":"FlatFileItemWriter.current.count","long":459},{"string":"FlatFileItemWriter.written","long":1}]}}',NULL)
COMMIT
DELETE FROM BATCH_STEP_EXECUTION WHERE STEP_EXECUTION_ID=10
INSERT INTO BATCH_STEP_EXECUTION VALUES(10,2,'step1',8,'2016-09-08 10:23:16.501000',NULL,'STARTED',1,1,0,1,0,0,0,0,'EXECUTING','','2016-09-08 10:23:16.875000')
COMMIT
DISCONNECT
/*C82*/SET SCHEMA PUBLIC
DELETE FROM BATCH_STEP_EXECUTION_CONTEXT WHERE STEP_EXECUTION_ID=10
INSERT INTO BATCH_STEP_EXECUTION_CONTEXT VALUES(10,'{"map":{"entry":[{"string":"FlatFileItemWriter.current.count","long":468},{"string":"FlatFileItemWriter.written","long":2}]}}',NULL)
COMMIT
DELETE FROM BATCH_STEP_EXECUTION WHERE STEP_EXECUTION_ID=10
INSERT INTO BATCH_STEP_EXECUTION VALUES(10,3,'step1',8,'2016-09-08 10:23:16.501000',NULL,'STARTED',2,2,0,2,0,0,0,0,'EXECUTING','','2016-09-08 10:23:16.984000')
COMMIT
DISCONNECT
/*C83*/SET SCHEMA PUBLIC
DELETE FROM BATCH_STEP_EXECUTION_CONTEXT WHERE STEP_EXECUTION_ID=10
INSERT INTO BATCH_STEP_EXECUTION_CONTEXT VALUES(10,'{"map":{"entry":[{"string":"FlatFileItemWriter.current.count","long":477},{"string":"FlatFileItemWriter.written","long":3}]}}',NULL)
COMMIT
DELETE FROM BATCH_STEP_EXECUTION WHERE STEP_EXECUTION_ID=10
INSERT INTO BATCH_STEP_EXECUTION VALUES(10,4,'step1',8,'2016-09-08 10:23:16.501000',NULL,'STARTED',3,3,0,3,0,0,0,0,'EXECUTING','','2016-09-08 10:23:17.090000')
COMMIT
DISCONNECT
/*C84*/SET SCHEMA PUBLIC
DELETE FROM BATCH_STEP_EXECUTION_CONTEXT WHERE STEP_EXECUTION_ID=10
INSERT INTO BATCH_STEP_EXECUTION_CONTEXT VALUES(10,'{"map":{"entry":[{"string":"FlatFileItemWriter.current.count","long":486},{"string":"FlatFileItemWriter.written","long":4}]}}',NULL)
COMMIT
DELETE FROM BATCH_STEP_EXECUTION WHERE STEP_EXECUTION_ID=10
INSERT INTO BATCH_STEP_EXECUTION VALUES(10,5,'step1',8,'2016-09-08 10:23:16.501000',NULL,'STARTED',4,4,0,4,0,0,0,0,'EXECUTING','','2016-09-08 10:23:17.195000')
COMMIT
DISCONNECT
/*C85*/SET SCHEMA PUBLIC
DELETE FROM BATCH_STEP_EXECUTION_CONTEXT WHERE STEP_EXECUTION_ID=10
INSERT INTO BATCH_STEP_EXECUTION_CONTEXT VALUES(10,'{"map":{"entry":[{"string":"FlatFileItemWriter.current.count","long":495},{"string":"FlatFileItemWriter.written","long":5}]}}',NULL)
COMMIT
DELETE FROM BATCH_STEP_EXECUTION WHERE STEP_EXECUTION_ID=10
INSERT INTO BATCH_STEP_EXECUTION VALUES(10,6,'step1',8,'2016-09-08 10:23:16.501000',NULL,'STARTED',5,5,0,5,0,0,0,0,'EXECUTING','','2016-09-08 10:23:17.305000')
COMMIT
DISCONNECT
/*C86*/SET SCHEMA PUBLIC
DELETE FROM BATCH_STEP_EXECUTION_CONTEXT WHERE STEP_EXECUTION_ID=10
INSERT INTO BATCH_STEP_EXECUTION_CONTEXT VALUES(10,'{"map":{"entry":[{"string":"FlatFileItemWriter.current.count","long":504},{"string":"FlatFileItemWriter.written","long":6}]}}',NULL)
COMMIT
DELETE FROM BATCH_STEP_EXECUTION WHERE STEP_EXECUTION_ID=10
INSERT INTO BATCH_STEP_EXECUTION VALUES(10,7,'step1',8,'2016-09-08 10:23:16.501000',NULL,'STARTED',6,6,0,6,0,0,0,0,'EXECUTING','','2016-09-08 10:23:17.412000')
COMMIT
DISCONNECT
/*C87*/SET SCHEMA PUBLIC
DELETE FROM BATCH_STEP_EXECUTION_CONTEXT WHERE STEP_EXECUTION_ID=10
INSERT INTO BATCH_STEP_EXECUTION_CONTEXT VALUES(10,'{"map":{"entry":[{"string":"FlatFileItemWriter.current.count","long":513},{"string":"FlatFileItemWriter.written","long":7}]}}',NULL)
COMMIT
DELETE FROM BATCH_STEP_EXECUTION WHERE STEP_EXECUTION_ID=10
INSERT INTO BATCH_STEP_EXECUTION VALUES(10,8,'step1',8,'2016-09-08 10:23:16.501000',NULL,'STARTED',7,7,0,7,0,0,0,0,'EXECUTING','','2016-09-08 10:23:17.518000')
COMMIT
DISCONNECT
/*C88*/SET SCHEMA PUBLIC
DELETE FROM BATCH_STEP_EXECUTION_CONTEXT WHERE STEP_EXECUTION_ID=10
INSERT INTO BATCH_STEP_EXECUTION_CONTEXT VALUES(10,'{"map":{"entry":[{"string":"FlatFileItemWriter.current.count","long":522},{"string":"FlatFileItemWriter.written","long":8}]}}',NULL)
COMMIT
DELETE FROM BATCH_STEP_EXECUTION WHERE STEP_EXECUTION_ID=10
INSERT INTO BATCH_STEP_EXECUTION VALUES(10,9,'step1',8,'2016-09-08 10:23:16.501000',NULL,'STARTED',8,8,0,8,0,0,0,0,'EXECUTING','','2016-09-08 10:23:17.624000')
COMMIT
DISCONNECT
/*C89*/SET SCHEMA PUBLIC
DELETE FROM BATCH_STEP_EXECUTION_CONTEXT WHERE STEP_EXECUTION_ID=10
INSERT INTO BATCH_STEP_EXECUTION_CONTEXT VALUES(10,'{"map":{"entry":[{"string":"FlatFileItemWriter.current.count","long":531},{"string":"FlatFileItemWriter.written","long":9}]}}',NULL)
COMMIT
DELETE FROM BATCH_STEP_EXECUTION WHERE STEP_EXECUTION_ID=10
INSERT INTO BATCH_STEP_EXECUTION VALUES(10,10,'step1',8,'2016-09-08 10:23:16.501000',NULL,'STARTED',9,9,0,9,0,0,0,0,'EXECUTING','','2016-09-08 10:23:17.731000')
COMMIT
DISCONNECT
/*C90*/SET SCHEMA PUBLIC
DELETE FROM BATCH_STEP_EXECUTION_CONTEXT WHERE STEP_EXECUTION_ID=10
INSERT INTO BATCH_STEP_EXECUTION_CONTEXT VALUES(10,'{"map":{"entry":[{"string":"FlatFileItemWriter.current.count","long":540},{"string":"FlatFileItemWriter.written","long":10}]}}',NULL)
COMMIT
DELETE FROM BATCH_STEP_EXECUTION WHERE STEP_EXECUTION_ID=10
INSERT INTO BATCH_STEP_EXECUTION VALUES(10,11,'step1',8,'2016-09-08 10:23:16.501000',NULL,'STARTED',10,10,0,10,0,0,0,0,'EXECUTING','','2016-09-08 10:23:17.842000')
COMMIT
DISCONNECT
/*C91*/SET SCHEMA PUBLIC
DELETE FROM BATCH_STEP_EXECUTION_CONTEXT WHERE STEP_EXECUTION_ID=10
INSERT INTO BATCH_STEP_EXECUTION_CONTEXT VALUES(10,'{"map":{"entry":[{"string":"FlatFileItemWriter.current.count","long":540},{"string":"FlatFileItemWriter.written","long":10}]}}',NULL)
COMMIT
DELETE FROM BATCH_STEP_EXECUTION WHERE STEP_EXECUTION_ID=10
INSERT INTO BATCH_STEP_EXECUTION VALUES(10,12,'step1',8,'2016-09-08 10:23:16.501000',NULL,'STARTED',11,10,0,10,0,0,0,0,'EXECUTING','','2016-09-08 10:23:17.951000')
COMMIT
DISCONNECT
/*C92*/SET SCHEMA PUBLIC
DELETE FROM BATCH_STEP_EXECUTION_CONTEXT WHERE STEP_EXECUTION_ID=10
INSERT INTO BATCH_STEP_EXECUTION_CONTEXT VALUES(10,'{"map":{"entry":[{"string":"FlatFileItemWriter.current.count","long":540},{"string":"FlatFileItemWriter.written","long":10}]}}',NULL)
COMMIT
DISCONNECT
/*C93*/SET SCHEMA PUBLIC
DELETE FROM BATCH_STEP_EXECUTION WHERE STEP_EXECUTION_ID=10
INSERT INTO BATCH_STEP_EXECUTION VALUES(10,13,'step1',8,'2016-09-08 10:23:16.501000','2016-09-08 10:23:18.058000','COMPLETED',11,10,0,10,0,0,0,0,'COMPLETED','','2016-09-08 10:23:18.058000')
COMMIT
DISCONNECT
/*C94*/SET SCHEMA PUBLIC
DELETE FROM BATCH_JOB_EXECUTION_CONTEXT WHERE JOB_EXECUTION_ID=8
INSERT INTO BATCH_JOB_EXECUTION_CONTEXT VALUES(8,'{"map":""}',NULL)
COMMIT
DISCONNECT
/*C95*/SET SCHEMA PUBLIC
DELETE FROM BATCH_JOB_EXECUTION WHERE JOB_EXECUTION_ID=8
INSERT INTO BATCH_JOB_EXECUTION VALUES(8,2,8,'2016-09-08 10:23:15.952000','2016-09-08 10:23:15.967000','2016-09-08 10:23:18.268000','COMPLETED','COMPLETED','','2016-09-08 10:23:18.268000',NULL)
COMMIT
DISCONNECT
/*C96*/SET SCHEMA PUBLIC
DISCONNECT
/*C97*/SET SCHEMA PUBLIC
DISCONNECT
/*C98*/SET SCHEMA PUBLIC
INSERT INTO BATCH_JOB_SEQ VALUES(9)
COMMIT
DELETE FROM BATCH_JOB_SEQ WHERE ID=8
COMMIT
INSERT INTO BATCH_JOB_INSTANCE VALUES(9,0,'conditionalControlFlow','d41d8cd98f00b204e9800998ecf8427e')
COMMIT
INSERT INTO BATCH_JOB_EXECUTION_SEQ VALUES(9)
COMMIT
DELETE FROM BATCH_JOB_EXECUTION_SEQ WHERE ID=8
COMMIT
INSERT INTO BATCH_JOB_EXECUTION VALUES(9,0,9,'2016-09-09 09:47:50.708000',NULL,NULL,'STARTING','UNKNOWN','','2016-09-09 09:47:50.708000',NULL)
COMMIT
INSERT INTO BATCH_JOB_EXECUTION_CONTEXT VALUES(9,'{"map":""}',NULL)
COMMIT
DISCONNECT
/*C99*/SET SCHEMA PUBLIC
DELETE FROM BATCH_JOB_EXECUTION WHERE JOB_EXECUTION_ID=9
INSERT INTO BATCH_JOB_EXECUTION VALUES(9,1,9,'2016-09-09 09:47:50.708000','2016-09-09 09:47:50.719000',NULL,'STARTED','UNKNOWN','','2016-09-09 09:47:50.720000',NULL)
COMMIT
DISCONNECT
/*C100*/SET SCHEMA PUBLIC
DISCONNECT
/*C101*/SET SCHEMA PUBLIC
DISCONNECT
/*C102*/SET SCHEMA PUBLIC
DISCONNECT
/*C103*/SET SCHEMA PUBLIC
INSERT INTO BATCH_STEP_EXECUTION_SEQ VALUES(11)
COMMIT
DELETE FROM BATCH_STEP_EXECUTION_SEQ WHERE ID=10
COMMIT
INSERT INTO BATCH_STEP_EXECUTION VALUES(11,0,'stepAConditional',9,'2016-09-09 09:47:51.143000',NULL,'STARTING',0,0,0,0,0,0,0,0,'EXECUTING','','2016-09-09 09:47:51.144000')
COMMIT
INSERT INTO BATCH_STEP_EXECUTION_CONTEXT VALUES(11,'{"map":""}',NULL)
COMMIT
DISCONNECT
/*C104*/SET SCHEMA PUBLIC
DELETE FROM BATCH_STEP_EXECUTION WHERE STEP_EXECUTION_ID=11
INSERT INTO BATCH_STEP_EXECUTION VALUES(11,1,'stepAConditional',9,'2016-09-09 09:47:51.254000',NULL,'STARTED',0,0,0,0,0,0,0,0,'EXECUTING','','2016-09-09 09:47:51.255000')
COMMIT
DISCONNECT
/*C105*/SET SCHEMA PUBLIC
DELETE FROM BATCH_STEP_EXECUTION_CONTEXT WHERE STEP_EXECUTION_ID=11
INSERT INTO BATCH_STEP_EXECUTION_CONTEXT VALUES(11,'{"map":""}',NULL)
COMMIT
DISCONNECT
/*C106*/SET SCHEMA PUBLIC
DELETE FROM BATCH_STEP_EXECUTION_CONTEXT WHERE STEP_EXECUTION_ID=11
INSERT INTO BATCH_STEP_EXECUTION_CONTEXT VALUES(11,'{"map":""}',NULL)
COMMIT
DELETE FROM BATCH_STEP_EXECUTION WHERE STEP_EXECUTION_ID=11
INSERT INTO BATCH_STEP_EXECUTION VALUES(11,2,'stepAConditional',9,'2016-09-09 09:47:51.254000',NULL,'STARTED',1,0,0,0,0,0,0,0,'NOOP','','2016-09-09 09:47:51.574000')
COMMIT
DISCONNECT
/*C107*/SET SCHEMA PUBLIC
DELETE FROM BATCH_STEP_EXECUTION_CONTEXT WHERE STEP_EXECUTION_ID=11
INSERT INTO BATCH_STEP_EXECUTION_CONTEXT VALUES(11,'{"map":""}',NULL)
COMMIT
DISCONNECT
/*C108*/SET SCHEMA PUBLIC
DELETE FROM BATCH_STEP_EXECUTION WHERE STEP_EXECUTION_ID=11
INSERT INTO BATCH_STEP_EXECUTION VALUES(11,3,'stepAConditional',9,'2016-09-09 09:47:51.254000','2016-09-09 09:47:51.679000','COMPLETED',1,0,0,0,0,0,0,0,'NOOP','','2016-09-09 09:47:51.679000')
COMMIT
DISCONNECT
/*C109*/SET SCHEMA PUBLIC
DELETE FROM BATCH_JOB_EXECUTION_CONTEXT WHERE JOB_EXECUTION_ID=9
INSERT INTO BATCH_JOB_EXECUTION_CONTEXT VALUES(9,'{"map":""}',NULL)
COMMIT
DISCONNECT
/*C110*/SET SCHEMA PUBLIC
DISCONNECT
/*C111*/SET SCHEMA PUBLIC
DISCONNECT
/*C112*/SET SCHEMA PUBLIC
DISCONNECT
/*C113*/SET SCHEMA PUBLIC
INSERT INTO BATCH_STEP_EXECUTION_SEQ VALUES(12)
COMMIT
DELETE FROM BATCH_STEP_EXECUTION_SEQ WHERE ID=11
COMMIT
INSERT INTO BATCH_STEP_EXECUTION VALUES(12,0,'stepCConditional',9,'2016-09-09 09:47:52.211000',NULL,'STARTING',0,0,0,0,0,0,0,0,'EXECUTING','','2016-09-09 09:47:52.211000')
COMMIT
INSERT INTO BATCH_STEP_EXECUTION_CONTEXT VALUES(12,'{"map":""}',NULL)
COMMIT
DISCONNECT
/*C114*/SET SCHEMA PUBLIC
DELETE FROM BATCH_STEP_EXECUTION WHERE STEP_EXECUTION_ID=12
INSERT INTO BATCH_STEP_EXECUTION VALUES(12,1,'stepCConditional',9,'2016-09-09 09:47:52.317000',NULL,'STARTED',0,0,0,0,0,0,0,0,'EXECUTING','','2016-09-09 09:47:52.317000')
COMMIT
DISCONNECT
/*C115*/SET SCHEMA PUBLIC
DELETE FROM BATCH_STEP_EXECUTION_CONTEXT WHERE STEP_EXECUTION_ID=12
INSERT INTO BATCH_STEP_EXECUTION_CONTEXT VALUES(12,'{"map":""}',NULL)
COMMIT
DISCONNECT
/*C116*/SET SCHEMA PUBLIC
DELETE FROM BATCH_STEP_EXECUTION_CONTEXT WHERE STEP_EXECUTION_ID=12
INSERT INTO BATCH_STEP_EXECUTION_CONTEXT VALUES(12,'{"map":""}',NULL)
COMMIT
DELETE FROM BATCH_STEP_EXECUTION WHERE STEP_EXECUTION_ID=12
INSERT INTO BATCH_STEP_EXECUTION VALUES(12,2,'stepCConditional',9,'2016-09-09 09:47:52.317000',NULL,'STARTED',1,0,0,0,0,0,0,0,'NOOP','','2016-09-09 09:47:52.630000')
COMMIT
DISCONNECT
/*C117*/SET SCHEMA PUBLIC
DELETE FROM BATCH_STEP_EXECUTION_CONTEXT WHERE STEP_EXECUTION_ID=12
INSERT INTO BATCH_STEP_EXECUTION_CONTEXT VALUES(12,'{"map":""}',NULL)
COMMIT
DISCONNECT
/*C118*/SET SCHEMA PUBLIC
DELETE FROM BATCH_STEP_EXECUTION WHERE STEP_EXECUTION_ID=12
INSERT INTO BATCH_STEP_EXECUTION VALUES(12,3,'stepCConditional',9,'2016-09-09 09:47:52.317000','2016-09-09 09:47:52.734000','COMPLETED',1,0,0,0,0,0,0,0,'NOOP','','2016-09-09 09:47:52.734000')
COMMIT
DISCONNECT
/*C119*/SET SCHEMA PUBLIC
DELETE FROM BATCH_JOB_EXECUTION_CONTEXT WHERE JOB_EXECUTION_ID=9
INSERT INTO BATCH_JOB_EXECUTION_CONTEXT VALUES(9,'{"map":""}',NULL)
COMMIT
DISCONNECT
/*C120*/SET SCHEMA PUBLIC
DELETE FROM BATCH_JOB_EXECUTION WHERE JOB_EXECUTION_ID=9
INSERT INTO BATCH_JOB_EXECUTION VALUES(9,2,9,'2016-09-09 09:47:50.708000','2016-09-09 09:47:50.719000','2016-09-09 09:47:52.945000','COMPLETED','COMPLETED','','2016-09-09 09:47:52.945000',NULL)
COMMIT
DISCONNECT
/*C121*/SET SCHEMA PUBLIC
DISCONNECT
/*C122*/SET SCHEMA PUBLIC
DISCONNECT
/*C123*/SET SCHEMA PUBLIC
DISCONNECT
/*C124*/SET SCHEMA PUBLIC
DISCONNECT
/*C125*/SET SCHEMA PUBLIC
INSERT INTO BATCH_JOB_SEQ VALUES(10)
COMMIT
DELETE FROM BATCH_JOB_SEQ WHERE ID=9
COMMIT
INSERT INTO BATCH_JOB_INSTANCE VALUES(10,0,'secuentialControlFlow','cf3e012b0f8fb91ff94bdbfa09dcea6a')
COMMIT
INSERT INTO BATCH_JOB_EXECUTION_SEQ VALUES(10)
COMMIT
DELETE FROM BATCH_JOB_EXECUTION_SEQ WHERE ID=9
COMMIT
INSERT INTO BATCH_JOB_EXECUTION VALUES(10,0,10,'2016-09-09 09:54:26.291000',NULL,NULL,'STARTING','UNKNOWN','','2016-09-09 09:54:26.292000',NULL)
COMMIT
INSERT INTO BATCH_JOB_EXECUTION_PARAMS VALUES(10,'LONG','time','','1970-01-01 01:00:00.000000',1473407665998,0.0E0,'Y')
COMMIT
INSERT INTO BATCH_JOB_EXECUTION_CONTEXT VALUES(10,'{"map":""}',NULL)
COMMIT
DISCONNECT
/*C126*/SET SCHEMA PUBLIC
DELETE FROM BATCH_JOB_EXECUTION WHERE JOB_EXECUTION_ID=10
INSERT INTO BATCH_JOB_EXECUTION VALUES(10,1,10,'2016-09-09 09:54:26.291000','2016-09-09 09:54:26.314000',NULL,'STARTED','UNKNOWN','','2016-09-09 09:54:26.314000',NULL)
COMMIT
DISCONNECT
/*C127*/SET SCHEMA PUBLIC
DISCONNECT
/*C128*/SET SCHEMA PUBLIC
DISCONNECT
/*C129*/SET SCHEMA PUBLIC
DISCONNECT
/*C130*/SET SCHEMA PUBLIC
INSERT INTO BATCH_STEP_EXECUTION_SEQ VALUES(13)
COMMIT
DELETE FROM BATCH_STEP_EXECUTION_SEQ WHERE ID=12
COMMIT
INSERT INTO BATCH_STEP_EXECUTION VALUES(13,0,'stepA',10,'2016-09-09 09:54:26.746000',NULL,'STARTING',0,0,0,0,0,0,0,0,'EXECUTING','','2016-09-09 09:54:26.746000')
COMMIT
INSERT INTO BATCH_STEP_EXECUTION_CONTEXT VALUES(13,'{"map":""}',NULL)
COMMIT
DISCONNECT
/*C131*/SET SCHEMA PUBLIC
DELETE FROM BATCH_STEP_EXECUTION WHERE STEP_EXECUTION_ID=13
INSERT INTO BATCH_STEP_EXECUTION VALUES(13,1,'stepA',10,'2016-09-09 09:54:26.862000',NULL,'STARTED',0,0,0,0,0,0,0,0,'EXECUTING','','2016-09-09 09:54:26.863000')
COMMIT
DISCONNECT
/*C132*/SET SCHEMA PUBLIC
DELETE FROM BATCH_STEP_EXECUTION_CONTEXT WHERE STEP_EXECUTION_ID=13
INSERT INTO BATCH_STEP_EXECUTION_CONTEXT VALUES(13,'{"map":""}',NULL)
COMMIT
DISCONNECT
/*C133*/SET SCHEMA PUBLIC
DELETE FROM BATCH_STEP_EXECUTION_CONTEXT WHERE STEP_EXECUTION_ID=13
INSERT INTO BATCH_STEP_EXECUTION_CONTEXT VALUES(13,'{"map":""}',NULL)
COMMIT
DELETE FROM BATCH_STEP_EXECUTION WHERE STEP_EXECUTION_ID=13
INSERT INTO BATCH_STEP_EXECUTION VALUES(13,2,'stepA',10,'2016-09-09 09:54:26.862000',NULL,'STARTED',1,0,0,0,0,0,0,0,'EXECUTING','','2016-09-09 09:54:27.181000')
COMMIT
DISCONNECT
/*C134*/SET SCHEMA PUBLIC
DELETE FROM BATCH_STEP_EXECUTION_CONTEXT WHERE STEP_EXECUTION_ID=13
INSERT INTO BATCH_STEP_EXECUTION_CONTEXT VALUES(13,'{"map":""}',NULL)
COMMIT
DISCONNECT
/*C135*/SET SCHEMA PUBLIC
DELETE FROM BATCH_STEP_EXECUTION WHERE STEP_EXECUTION_ID=13
INSERT INTO BATCH_STEP_EXECUTION VALUES(13,3,'stepA',10,'2016-09-09 09:54:26.862000','2016-09-09 09:54:27.291000','COMPLETED',1,0,0,0,0,0,0,0,'COMPLETED','','2016-09-09 09:54:27.291000')
COMMIT
DISCONNECT
/*C136*/SET SCHEMA PUBLIC
DELETE FROM BATCH_JOB_EXECUTION_CONTEXT WHERE JOB_EXECUTION_ID=10
INSERT INTO BATCH_JOB_EXECUTION_CONTEXT VALUES(10,'{"map":""}',NULL)
COMMIT
DISCONNECT
/*C137*/SET SCHEMA PUBLIC
DISCONNECT
/*C138*/SET SCHEMA PUBLIC
DISCONNECT
/*C139*/SET SCHEMA PUBLIC
DISCONNECT
/*C140*/SET SCHEMA PUBLIC
INSERT INTO BATCH_STEP_EXECUTION_SEQ VALUES(14)
COMMIT
DELETE FROM BATCH_STEP_EXECUTION_SEQ WHERE ID=13
COMMIT
INSERT INTO BATCH_STEP_EXECUTION VALUES(14,0,'stepB',10,'2016-09-09 09:54:27.821000',NULL,'STARTING',0,0,0,0,0,0,0,0,'EXECUTING','','2016-09-09 09:54:27.821000')
COMMIT
INSERT INTO BATCH_STEP_EXECUTION_CONTEXT VALUES(14,'{"map":""}',NULL)
COMMIT
DISCONNECT
/*C141*/SET SCHEMA PUBLIC
DELETE FROM BATCH_STEP_EXECUTION WHERE STEP_EXECUTION_ID=14
INSERT INTO BATCH_STEP_EXECUTION VALUES(14,1,'stepB',10,'2016-09-09 09:54:27.928000',NULL,'STARTED',0,0,0,0,0,0,0,0,'EXECUTING','','2016-09-09 09:54:27.928000')
COMMIT
DISCONNECT
/*C142*/SET SCHEMA PUBLIC
DELETE FROM BATCH_STEP_EXECUTION_CONTEXT WHERE STEP_EXECUTION_ID=14
INSERT INTO BATCH_STEP_EXECUTION_CONTEXT VALUES(14,'{"map":""}',NULL)
COMMIT
DISCONNECT
/*C143*/SET SCHEMA PUBLIC
DELETE FROM BATCH_STEP_EXECUTION_CONTEXT WHERE STEP_EXECUTION_ID=14
INSERT INTO BATCH_STEP_EXECUTION_CONTEXT VALUES(14,'{"map":""}',NULL)
COMMIT
DELETE FROM BATCH_STEP_EXECUTION WHERE STEP_EXECUTION_ID=14
INSERT INTO BATCH_STEP_EXECUTION VALUES(14,2,'stepB',10,'2016-09-09 09:54:27.928000',NULL,'STARTED',1,0,0,0,0,0,0,0,'EXECUTING','','2016-09-09 09:54:28.238000')
COMMIT
DISCONNECT
/*C144*/SET SCHEMA PUBLIC
DELETE FROM BATCH_STEP_EXECUTION_CONTEXT WHERE STEP_EXECUTION_ID=14
INSERT INTO BATCH_STEP_EXECUTION_CONTEXT VALUES(14,'{"map":""}',NULL)
COMMIT
DISCONNECT
/*C145*/SET SCHEMA PUBLIC
DELETE FROM BATCH_STEP_EXECUTION WHERE STEP_EXECUTION_ID=14
INSERT INTO BATCH_STEP_EXECUTION VALUES(14,3,'stepB',10,'2016-09-09 09:54:27.928000','2016-09-09 09:54:28.343000','COMPLETED',1,0,0,0,0,0,0,0,'COMPLETED','','2016-09-09 09:54:28.343000')
COMMIT
DISCONNECT
/*C146*/SET SCHEMA PUBLIC
DELETE FROM BATCH_JOB_EXECUTION_CONTEXT WHERE JOB_EXECUTION_ID=10
INSERT INTO BATCH_JOB_EXECUTION_CONTEXT VALUES(10,'{"map":""}',NULL)
COMMIT
DISCONNECT
/*C147*/SET SCHEMA PUBLIC
DISCONNECT
/*C148*/SET SCHEMA PUBLIC
DISCONNECT
/*C149*/SET SCHEMA PUBLIC
DISCONNECT
/*C150*/SET SCHEMA PUBLIC
INSERT INTO BATCH_STEP_EXECUTION_SEQ VALUES(15)
COMMIT
DELETE FROM BATCH_STEP_EXECUTION_SEQ WHERE ID=14
COMMIT
INSERT INTO BATCH_STEP_EXECUTION VALUES(15,0,'stepC',10,'2016-09-09 09:54:28.864000',NULL,'STARTING',0,0,0,0,0,0,0,0,'EXECUTING','','2016-09-09 09:54:28.864000')
COMMIT
INSERT INTO BATCH_STEP_EXECUTION_CONTEXT VALUES(15,'{"map":""}',NULL)
COMMIT
DISCONNECT
/*C151*/SET SCHEMA PUBLIC
DELETE FROM BATCH_STEP_EXECUTION WHERE STEP_EXECUTION_ID=15
INSERT INTO BATCH_STEP_EXECUTION VALUES(15,1,'stepC',10,'2016-09-09 09:54:28.970000',NULL,'STARTED',0,0,0,0,0,0,0,0,'EXECUTING','','2016-09-09 09:54:28.970000')
COMMIT
DISCONNECT
/*C152*/SET SCHEMA PUBLIC
DELETE FROM BATCH_STEP_EXECUTION_CONTEXT WHERE STEP_EXECUTION_ID=15
INSERT INTO BATCH_STEP_EXECUTION_CONTEXT VALUES(15,'{"map":""}',NULL)
COMMIT
DISCONNECT
/*C153*/SET SCHEMA PUBLIC
DELETE FROM BATCH_STEP_EXECUTION_CONTEXT WHERE STEP_EXECUTION_ID=15
INSERT INTO BATCH_STEP_EXECUTION_CONTEXT VALUES(15,'{"map":""}',NULL)
COMMIT
DELETE FROM BATCH_STEP_EXECUTION WHERE STEP_EXECUTION_ID=15
INSERT INTO BATCH_STEP_EXECUTION VALUES(15,2,'stepC',10,'2016-09-09 09:54:28.970000',NULL,'STARTED',1,0,0,0,0,0,0,0,'EXECUTING','','2016-09-09 09:54:29.281000')
COMMIT
DISCONNECT
/*C154*/SET SCHEMA PUBLIC
DELETE FROM BATCH_STEP_EXECUTION_CONTEXT WHERE STEP_EXECUTION_ID=15
INSERT INTO BATCH_STEP_EXECUTION_CONTEXT VALUES(15,'{"map":""}',NULL)
COMMIT
DISCONNECT
/*C155*/SET SCHEMA PUBLIC
DELETE FROM BATCH_STEP_EXECUTION WHERE STEP_EXECUTION_ID=15
INSERT INTO BATCH_STEP_EXECUTION VALUES(15,3,'stepC',10,'2016-09-09 09:54:28.970000','2016-09-09 09:54:29.386000','COMPLETED',1,0,0,0,0,0,0,0,'COMPLETED','','2016-09-09 09:54:29.386000')
COMMIT
DISCONNECT
/*C156*/SET SCHEMA PUBLIC
DELETE FROM BATCH_JOB_EXECUTION_CONTEXT WHERE JOB_EXECUTION_ID=10
INSERT INTO BATCH_JOB_EXECUTION_CONTEXT VALUES(10,'{"map":""}',NULL)
COMMIT
DISCONNECT
/*C157*/SET SCHEMA PUBLIC
DELETE FROM BATCH_JOB_EXECUTION WHERE JOB_EXECUTION_ID=10
INSERT INTO BATCH_JOB_EXECUTION VALUES(10,2,10,'2016-09-09 09:54:26.291000','2016-09-09 09:54:26.314000','2016-09-09 09:54:29.597000','COMPLETED','COMPLETED','','2016-09-09 09:54:29.597000',NULL)
COMMIT
DISCONNECT
/*C158*/SET SCHEMA PUBLIC
DISCONNECT
/*C159*/SET SCHEMA PUBLIC
INSERT INTO BATCH_JOB_SEQ VALUES(11)
COMMIT
DELETE FROM BATCH_JOB_SEQ WHERE ID=10
COMMIT
INSERT INTO BATCH_JOB_INSTANCE VALUES(11,0,'conditionalControlFlow','25d3cdcce73da8438f90e7d0bf0af423')
COMMIT
INSERT INTO BATCH_JOB_EXECUTION_SEQ VALUES(11)
COMMIT
DELETE FROM BATCH_JOB_EXECUTION_SEQ WHERE ID=10
COMMIT
INSERT INTO BATCH_JOB_EXECUTION VALUES(11,0,11,'2016-09-09 09:54:29.910000',NULL,NULL,'STARTING','UNKNOWN','','2016-09-09 09:54:29.910000',NULL)
COMMIT
INSERT INTO BATCH_JOB_EXECUTION_PARAMS VALUES(11,'LONG','time','','1970-01-01 01:00:00.000000',1473407669701,0.0E0,'Y')
COMMIT
INSERT INTO BATCH_JOB_EXECUTION_CONTEXT VALUES(11,'{"map":""}',NULL)
COMMIT
DISCONNECT
/*C160*/SET SCHEMA PUBLIC
DELETE FROM BATCH_JOB_EXECUTION WHERE JOB_EXECUTION_ID=11
INSERT INTO BATCH_JOB_EXECUTION VALUES(11,1,11,'2016-09-09 09:54:29.910000','2016-09-09 09:54:29.915000',NULL,'STARTED','UNKNOWN','','2016-09-09 09:54:29.915000',NULL)
COMMIT
DISCONNECT
/*C161*/SET SCHEMA PUBLIC
DISCONNECT
/*C162*/SET SCHEMA PUBLIC
DISCONNECT
/*C163*/SET SCHEMA PUBLIC
DISCONNECT
/*C164*/SET SCHEMA PUBLIC
INSERT INTO BATCH_STEP_EXECUTION_SEQ VALUES(16)
COMMIT
DELETE FROM BATCH_STEP_EXECUTION_SEQ WHERE ID=15
COMMIT
INSERT INTO BATCH_STEP_EXECUTION VALUES(16,0,'stepAConditional',11,'2016-09-09 09:54:30.332000',NULL,'STARTING',0,0,0,0,0,0,0,0,'EXECUTING','','2016-09-09 09:54:30.333000')
COMMIT
INSERT INTO BATCH_STEP_EXECUTION_CONTEXT VALUES(16,'{"map":""}',NULL)
COMMIT
DISCONNECT
/*C165*/SET SCHEMA PUBLIC
DELETE FROM BATCH_STEP_EXECUTION WHERE STEP_EXECUTION_ID=16
INSERT INTO BATCH_STEP_EXECUTION VALUES(16,1,'stepAConditional',11,'2016-09-09 09:54:30.437000',NULL,'STARTED',0,0,0,0,0,0,0,0,'EXECUTING','','2016-09-09 09:54:30.437000')
COMMIT
DISCONNECT
/*C166*/SET SCHEMA PUBLIC
DELETE FROM BATCH_STEP_EXECUTION_CONTEXT WHERE STEP_EXECUTION_ID=16
INSERT INTO BATCH_STEP_EXECUTION_CONTEXT VALUES(16,'{"map":""}',NULL)
COMMIT
DISCONNECT
/*C167*/SET SCHEMA PUBLIC
DELETE FROM BATCH_STEP_EXECUTION_CONTEXT WHERE STEP_EXECUTION_ID=16
INSERT INTO BATCH_STEP_EXECUTION_CONTEXT VALUES(16,'{"map":""}',NULL)
COMMIT
DELETE FROM BATCH_STEP_EXECUTION WHERE STEP_EXECUTION_ID=16
INSERT INTO BATCH_STEP_EXECUTION VALUES(16,2,'stepAConditional',11,'2016-09-09 09:54:30.437000',NULL,'STARTED',1,0,0,0,0,0,0,0,'NOOP','','2016-09-09 09:54:30.747000')
COMMIT
DISCONNECT
/*C168*/SET SCHEMA PUBLIC
DELETE FROM BATCH_STEP_EXECUTION_CONTEXT WHERE STEP_EXECUTION_ID=16
INSERT INTO BATCH_STEP_EXECUTION_CONTEXT VALUES(16,'{"map":""}',NULL)
COMMIT
DISCONNECT
/*C169*/SET SCHEMA PUBLIC
DELETE FROM BATCH_STEP_EXECUTION WHERE STEP_EXECUTION_ID=16
INSERT INTO BATCH_STEP_EXECUTION VALUES(16,3,'stepAConditional',11,'2016-09-09 09:54:30.437000','2016-09-09 09:54:30.850000','COMPLETED',1,0,0,0,0,0,0,0,'NOOP','','2016-09-09 09:54:30.850000')
COMMIT
DISCONNECT
/*C170*/SET SCHEMA PUBLIC
DELETE FROM BATCH_JOB_EXECUTION_CONTEXT WHERE JOB_EXECUTION_ID=11
INSERT INTO BATCH_JOB_EXECUTION_CONTEXT VALUES(11,'{"map":""}',NULL)
COMMIT
DISCONNECT
/*C171*/SET SCHEMA PUBLIC
DISCONNECT
/*C172*/SET SCHEMA PUBLIC
DISCONNECT
/*C173*/SET SCHEMA PUBLIC
DISCONNECT
/*C174*/SET SCHEMA PUBLIC
INSERT INTO BATCH_STEP_EXECUTION_SEQ VALUES(17)
COMMIT
DELETE FROM BATCH_STEP_EXECUTION_SEQ WHERE ID=16
COMMIT
INSERT INTO BATCH_STEP_EXECUTION VALUES(17,0,'stepCConditional',11,'2016-09-09 09:54:31.370000',NULL,'STARTING',0,0,0,0,0,0,0,0,'EXECUTING','','2016-09-09 09:54:31.370000')
COMMIT
INSERT INTO BATCH_STEP_EXECUTION_CONTEXT VALUES(17,'{"map":""}',NULL)
COMMIT
DISCONNECT
/*C175*/SET SCHEMA PUBLIC
DELETE FROM BATCH_STEP_EXECUTION WHERE STEP_EXECUTION_ID=17
INSERT INTO BATCH_STEP_EXECUTION VALUES(17,1,'stepCConditional',11,'2016-09-09 09:54:31.475000',NULL,'STARTED',0,0,0,0,0,0,0,0,'EXECUTING','','2016-09-09 09:54:31.475000')
COMMIT
DISCONNECT
/*C176*/SET SCHEMA PUBLIC
DELETE FROM BATCH_STEP_EXECUTION_CONTEXT WHERE STEP_EXECUTION_ID=17
INSERT INTO BATCH_STEP_EXECUTION_CONTEXT VALUES(17,'{"map":""}',NULL)
COMMIT
DISCONNECT
/*C177*/SET SCHEMA PUBLIC
DELETE FROM BATCH_STEP_EXECUTION_CONTEXT WHERE STEP_EXECUTION_ID=17
INSERT INTO BATCH_STEP_EXECUTION_CONTEXT VALUES(17,'{"map":""}',NULL)
COMMIT
DELETE FROM BATCH_STEP_EXECUTION WHERE STEP_EXECUTION_ID=17
INSERT INTO BATCH_STEP_EXECUTION VALUES(17,2,'stepCConditional',11,'2016-09-09 09:54:31.475000',NULL,'STARTED',1,0,0,0,0,0,0,0,'COMPLETED','','2016-09-09 09:54:31.784000')
COMMIT
DISCONNECT
/*C178*/SET SCHEMA PUBLIC
DELETE FROM BATCH_STEP_EXECUTION_CONTEXT WHERE STEP_EXECUTION_ID=17
INSERT INTO BATCH_STEP_EXECUTION_CONTEXT VALUES(17,'{"map":""}',NULL)
COMMIT
DISCONNECT
/*C179*/SET SCHEMA PUBLIC
DELETE FROM BATCH_STEP_EXECUTION WHERE STEP_EXECUTION_ID=17
INSERT INTO BATCH_STEP_EXECUTION VALUES(17,3,'stepCConditional',11,'2016-09-09 09:54:31.475000','2016-09-09 09:54:31.891000','COMPLETED',1,0,0,0,0,0,0,0,'COMPLETED','','2016-09-09 09:54:31.891000')
COMMIT
DISCONNECT
/*C180*/SET SCHEMA PUBLIC
DELETE FROM BATCH_JOB_EXECUTION_CONTEXT WHERE JOB_EXECUTION_ID=11
INSERT INTO BATCH_JOB_EXECUTION_CONTEXT VALUES(11,'{"map":""}',NULL)
COMMIT
DISCONNECT
/*C181*/SET SCHEMA PUBLIC
DELETE FROM BATCH_JOB_EXECUTION WHERE JOB_EXECUTION_ID=11
INSERT INTO BATCH_JOB_EXECUTION VALUES(11,2,11,'2016-09-09 09:54:29.910000','2016-09-09 09:54:29.915000','2016-09-09 09:54:32.100000','COMPLETED','COMPLETED','','2016-09-09 09:54:32.100000',NULL)
COMMIT
DISCONNECT
/*C27*/SET SCHEMA PUBLIC
DISCONNECT
/*C28*/SET SCHEMA PUBLIC
DISCONNECT
